<?xml version="1.0" encoding="UTF-8"?>
<testsuite name="encap.ClienteTest" tests="1" skipped="0" failures="0" errors="0" timestamp="2022-08-25T22:21:08" hostname="JUNIOR" time="0.066">
  <properties/>
  <testcase name="adicionarItemTest()" classname="encap.ClienteTest" time="0.066"/>
  <system-out><![CDATA[]]></system-out>
  <system-err><![CDATA[]]></system-err>
</testsuite>
